d:\desktop\vcs\sys_pro\sys_2\proccess_viewer\proccess_viewer\x64\release\proccess_viewer.pch
d:\desktop\vcs\sys_pro\sys_2\proccess_viewer\proccess_viewer\x64\release\vc143.pdb
d:\desktop\vcs\sys_pro\sys_2\proccess_viewer\proccess_viewer\x64\release\pch.obj
d:\desktop\vcs\sys_pro\sys_2\proccess_viewer\proccess_viewer\x64\release\proccess_viewerdlg.obj
d:\desktop\vcs\sys_pro\sys_2\proccess_viewer\proccess_viewer\x64\release\proccess_viewer.obj
d:\desktop\vcs\sys_pro\sys_2\proccess_viewer\x64\release\proccess_viewer.exe
d:\desktop\vcs\sys_pro\sys_2\proccess_viewer\x64\release\proccess_viewer.pdb
d:\desktop\vcs\sys_pro\sys_2\proccess_viewer\proccess_viewer\x64\release\proccess_viewer.iobj
d:\desktop\vcs\sys_pro\sys_2\proccess_viewer\proccess_viewer\x64\release\proccessviewer.res
d:\desktop\vcs\sys_pro\sys_2\proccess_viewer\proccess_viewer\x64\release\proccess_viewer.ipdb
d:\desktop\vcs\sys_pro\sys_2\proccess_viewer\proccess_viewer\x64\release\proccess_viewer.tlog\cl.command.1.tlog
d:\desktop\vcs\sys_pro\sys_2\proccess_viewer\proccess_viewer\x64\release\proccess_viewer.tlog\cl.items.tlog
d:\desktop\vcs\sys_pro\sys_2\proccess_viewer\proccess_viewer\x64\release\proccess_viewer.tlog\cl.read.1.tlog
d:\desktop\vcs\sys_pro\sys_2\proccess_viewer\proccess_viewer\x64\release\proccess_viewer.tlog\cl.write.1.tlog
d:\desktop\vcs\sys_pro\sys_2\proccess_viewer\proccess_viewer\x64\release\proccess_viewer.tlog\link.command.1.tlog
d:\desktop\vcs\sys_pro\sys_2\proccess_viewer\proccess_viewer\x64\release\proccess_viewer.tlog\link.read.1.tlog
d:\desktop\vcs\sys_pro\sys_2\proccess_viewer\proccess_viewer\x64\release\proccess_viewer.tlog\link.write.1.tlog
d:\desktop\vcs\sys_pro\sys_2\proccess_viewer\proccess_viewer\x64\release\proccess_viewer.tlog\rc.command.1.tlog
d:\desktop\vcs\sys_pro\sys_2\proccess_viewer\proccess_viewer\x64\release\proccess_viewer.tlog\rc.read.1.tlog
d:\desktop\vcs\sys_pro\sys_2\proccess_viewer\proccess_viewer\x64\release\proccess_viewer.tlog\rc.write.1.tlog
