d:\desktop\vcs\sys_pro\sys_1\file_scanner\file_scanner\x64\debug\file_scanner.pch
d:\desktop\vcs\sys_pro\sys_1\file_scanner\file_scanner\x64\debug\vc143.pdb
d:\desktop\vcs\sys_pro\sys_1\file_scanner\file_scanner\x64\debug\vc143.idb
d:\desktop\vcs\sys_pro\sys_1\file_scanner\file_scanner\x64\debug\pch.obj
d:\desktop\vcs\sys_pro\sys_1\file_scanner\file_scanner\x64\debug\file_scannerdlg.obj
d:\desktop\vcs\sys_pro\sys_1\file_scanner\file_scanner\x64\debug\file_scanner.obj
d:\desktop\vcs\sys_pro\sys_1\file_scanner\x64\debug\file_scanner.exe
d:\desktop\vcs\sys_pro\sys_1\file_scanner\file_scanner\x64\debug\file_scanner.ilk
d:\desktop\vcs\sys_pro\sys_1\file_scanner\x64\debug\file_scanner.pdb
d:\desktop\vcs\sys_pro\sys_1\file_scanner\file_scanner\x64\debug\filescanner.res
d:\desktop\vcs\sys_pro\sys_1\file_scanner\file_scanner\x64\debug\file_scannerdlg.obj.enc
d:\desktop\vcs\sys_pro\sys_1\file_scanner\file_scanner\x64\debug\file_scanner.tlog\cl.command.1.tlog
d:\desktop\vcs\sys_pro\sys_1\file_scanner\file_scanner\x64\debug\file_scanner.tlog\cl.items.tlog
d:\desktop\vcs\sys_pro\sys_1\file_scanner\file_scanner\x64\debug\file_scanner.tlog\cl.read.1.tlog
d:\desktop\vcs\sys_pro\sys_1\file_scanner\file_scanner\x64\debug\file_scanner.tlog\cl.write.1.tlog
d:\desktop\vcs\sys_pro\sys_1\file_scanner\file_scanner\x64\debug\file_scanner.tlog\link.command.1.tlog
d:\desktop\vcs\sys_pro\sys_1\file_scanner\file_scanner\x64\debug\file_scanner.tlog\link.read.1.tlog
d:\desktop\vcs\sys_pro\sys_1\file_scanner\file_scanner\x64\debug\file_scanner.tlog\link.write.1.tlog
d:\desktop\vcs\sys_pro\sys_1\file_scanner\file_scanner\x64\debug\file_scanner.tlog\rc.command.1.tlog
d:\desktop\vcs\sys_pro\sys_1\file_scanner\file_scanner\x64\debug\file_scanner.tlog\rc.read.1.tlog
d:\desktop\vcs\sys_pro\sys_1\file_scanner\file_scanner\x64\debug\file_scanner.tlog\rc.write.1.tlog
