d:\desktop\vcs\sys_pro\sys_2\proccess_viewer\proccess_viewer\x64\debug\proccess_viewer.pch
d:\desktop\vcs\sys_pro\sys_2\proccess_viewer\proccess_viewer\x64\debug\vc143.pdb
d:\desktop\vcs\sys_pro\sys_2\proccess_viewer\proccess_viewer\x64\debug\vc143.idb
d:\desktop\vcs\sys_pro\sys_2\proccess_viewer\proccess_viewer\x64\debug\pch.obj
d:\desktop\vcs\sys_pro\sys_2\proccess_viewer\proccess_viewer\x64\debug\proccess_viewerdlg.obj
d:\desktop\vcs\sys_pro\sys_2\proccess_viewer\proccess_viewer\x64\debug\proccess_viewer.obj
d:\desktop\vcs\sys_pro\sys_2\proccess_viewer\x64\debug\proccess_viewer.exe
d:\desktop\vcs\sys_pro\sys_2\proccess_viewer\proccess_viewer\x64\debug\proccess_viewer.ilk
d:\desktop\vcs\sys_pro\sys_2\proccess_viewer\x64\debug\proccess_viewer.pdb
d:\desktop\vcs\sys_pro\sys_2\proccess_viewer\proccess_viewer\x64\debug\proccessviewer.res
d:\desktop\vcs\sys_pro\sys_2\proccess_viewer\proccess_viewer\x64\debug\proccess_viewer.tlog\cl.command.1.tlog
d:\desktop\vcs\sys_pro\sys_2\proccess_viewer\proccess_viewer\x64\debug\proccess_viewer.tlog\cl.items.tlog
d:\desktop\vcs\sys_pro\sys_2\proccess_viewer\proccess_viewer\x64\debug\proccess_viewer.tlog\cl.read.1.tlog
d:\desktop\vcs\sys_pro\sys_2\proccess_viewer\proccess_viewer\x64\debug\proccess_viewer.tlog\cl.write.1.tlog
d:\desktop\vcs\sys_pro\sys_2\proccess_viewer\proccess_viewer\x64\debug\proccess_viewer.tlog\link.command.1.tlog
d:\desktop\vcs\sys_pro\sys_2\proccess_viewer\proccess_viewer\x64\debug\proccess_viewer.tlog\link.read.1.tlog
d:\desktop\vcs\sys_pro\sys_2\proccess_viewer\proccess_viewer\x64\debug\proccess_viewer.tlog\link.write.1.tlog
d:\desktop\vcs\sys_pro\sys_2\proccess_viewer\proccess_viewer\x64\debug\proccess_viewer.tlog\rc.command.1.tlog
d:\desktop\vcs\sys_pro\sys_2\proccess_viewer\proccess_viewer\x64\debug\proccess_viewer.tlog\rc.read.1.tlog
d:\desktop\vcs\sys_pro\sys_2\proccess_viewer\proccess_viewer\x64\debug\proccess_viewer.tlog\rc.write.1.tlog
